{"C:\\teach\\Hexlet\\Projects\\frontend-project-46\\src\\compareData.js": {"path":"C:\\teach\\Hexlet\\Projects\\frontend-project-46\\src\\compareData.js","all":false,"statementMap":{"0":{"start":{"line":1,"column":0},"end":{"line":1,"column":23}},"1":{"start":{"line":2,"column":0},"end":{"line":2,"column":0}},"2":{"start":{"line":3,"column":0},"end":{"line":3,"column":37}},"3":{"start":{"line":4,"column":0},"end":{"line":4,"column":29}},"4":{"start":{"line":5,"column":0},"end":{"line":5,"column":29}},"5":{"start":{"line":6,"column":0},"end":{"line":6,"column":53}},"6":{"start":{"line":7,"column":0},"end":{"line":7,"column":0}},"7":{"start":{"line":8,"column":0},"end":{"line":8,"column":42}},"8":{"start":{"line":9,"column":0},"end":{"line":9,"column":28}},"9":{"start":{"line":10,"column":0},"end":{"line":10,"column":14}},"10":{"start":{"line":11,"column":0},"end":{"line":11,"column":12}},"11":{"start":{"line":12,"column":0},"end":{"line":12,"column":25}},"12":{"start":{"line":13,"column":0},"end":{"line":13,"column":22}},"13":{"start":{"line":14,"column":0},"end":{"line":14,"column":8}},"14":{"start":{"line":15,"column":0},"end":{"line":15,"column":5}},"15":{"start":{"line":16,"column":0},"end":{"line":16,"column":28}},"16":{"start":{"line":17,"column":0},"end":{"line":17,"column":14}},"17":{"start":{"line":18,"column":0},"end":{"line":18,"column":12}},"18":{"start":{"line":19,"column":0},"end":{"line":19,"column":25}},"19":{"start":{"line":20,"column":0},"end":{"line":20,"column":24}},"20":{"start":{"line":21,"column":0},"end":{"line":21,"column":8}},"21":{"start":{"line":22,"column":0},"end":{"line":22,"column":5}},"22":{"start":{"line":23,"column":0},"end":{"line":23,"column":57}},"23":{"start":{"line":24,"column":0},"end":{"line":24,"column":14}},"24":{"start":{"line":25,"column":0},"end":{"line":25,"column":12}},"25":{"start":{"line":26,"column":0},"end":{"line":26,"column":23}},"26":{"start":{"line":27,"column":0},"end":{"line":27,"column":52}},"27":{"start":{"line":28,"column":0},"end":{"line":28,"column":8}},"28":{"start":{"line":29,"column":0},"end":{"line":29,"column":5}},"29":{"start":{"line":30,"column":0},"end":{"line":30,"column":34}},"30":{"start":{"line":31,"column":0},"end":{"line":31,"column":14}},"31":{"start":{"line":32,"column":0},"end":{"line":32,"column":12}},"32":{"start":{"line":33,"column":0},"end":{"line":33,"column":31}},"33":{"start":{"line":34,"column":0},"end":{"line":34,"column":30}},"34":{"start":{"line":35,"column":0},"end":{"line":35,"column":24}},"35":{"start":{"line":36,"column":0},"end":{"line":36,"column":8}},"36":{"start":{"line":37,"column":0},"end":{"line":37,"column":5}},"37":{"start":{"line":38,"column":0},"end":{"line":38,"column":12}},"38":{"start":{"line":39,"column":0},"end":{"line":39,"column":10}},"39":{"start":{"line":40,"column":0},"end":{"line":40,"column":23}},"40":{"start":{"line":41,"column":0},"end":{"line":41,"column":24}},"41":{"start":{"line":42,"column":0},"end":{"line":42,"column":6}},"42":{"start":{"line":43,"column":0},"end":{"line":43,"column":5}},"43":{"start":{"line":44,"column":0},"end":{"line":44,"column":16}},"44":{"start":{"line":45,"column":0},"end":{"line":45,"column":2}},"45":{"start":{"line":46,"column":0},"end":{"line":46,"column":0}},"46":{"start":{"line":47,"column":0},"end":{"line":47,"column":27}}},"s":{"0":1,"1":1,"2":1,"3":14,"4":14,"5":14,"6":14,"7":14,"8":58,"9":14,"10":14,"11":14,"12":14,"13":14,"14":14,"15":58,"16":6,"17":6,"18":6,"19":6,"20":6,"21":6,"22":58,"23":12,"24":12,"25":12,"26":12,"27":12,"28":12,"29":58,"30":18,"31":18,"32":18,"33":18,"34":18,"35":18,"36":18,"37":8,"38":8,"39":8,"40":8,"41":8,"42":14,"43":14,"44":14,"45":1,"46":1},"branchMap":{"0":{"type":"branch","line":3,"loc":{"start":{"line":3,"column":20},"end":{"line":45,"column":2}},"locations":[{"start":{"line":3,"column":20},"end":{"line":45,"column":2}}]},"1":{"type":"branch","line":8,"loc":{"start":{"line":8,"column":33},"end":{"line":43,"column":3}},"locations":[{"start":{"line":8,"column":33},"end":{"line":43,"column":3}}]},"2":{"type":"branch","line":9,"loc":{"start":{"line":9,"column":27},"end":{"line":15,"column":5}},"locations":[{"start":{"line":9,"column":27},"end":{"line":15,"column":5}}]},"3":{"type":"branch","line":15,"loc":{"start":{"line":15,"column":4},"end":{"line":16,"column":27}},"locations":[{"start":{"line":15,"column":4},"end":{"line":16,"column":27}}]},"4":{"type":"branch","line":16,"loc":{"start":{"line":16,"column":27},"end":{"line":22,"column":5}},"locations":[{"start":{"line":16,"column":27},"end":{"line":22,"column":5}}]},"5":{"type":"branch","line":22,"loc":{"start":{"line":22,"column":4},"end":{"line":23,"column":33}},"locations":[{"start":{"line":22,"column":4},"end":{"line":23,"column":33}}]},"6":{"type":"branch","line":23,"loc":{"start":{"line":23,"column":29},"end":{"line":23,"column":54}},"locations":[{"start":{"line":23,"column":29},"end":{"line":23,"column":54}}]},"7":{"type":"branch","line":23,"loc":{"start":{"line":23,"column":56},"end":{"line":29,"column":5}},"locations":[{"start":{"line":23,"column":56},"end":{"line":29,"column":5}}]},"8":{"type":"branch","line":29,"loc":{"start":{"line":29,"column":4},"end":{"line":30,"column":33}},"locations":[{"start":{"line":29,"column":4},"end":{"line":30,"column":33}}]},"9":{"type":"branch","line":30,"loc":{"start":{"line":30,"column":33},"end":{"line":37,"column":5}},"locations":[{"start":{"line":30,"column":33},"end":{"line":37,"column":5}}]},"10":{"type":"branch","line":37,"loc":{"start":{"line":37,"column":4},"end":{"line":43,"column":3}},"locations":[{"start":{"line":37,"column":4},"end":{"line":43,"column":3}}]}},"b":{"0":[14],"1":[58],"2":[14],"3":[44],"4":[6],"5":[38],"6":[14],"7":[12],"8":[26],"9":[18],"10":[8]},"fnMap":{"0":{"name":"compareData","decl":{"start":{"line":3,"column":20},"end":{"line":45,"column":2}},"loc":{"start":{"line":3,"column":20},"end":{"line":45,"column":2}},"line":3}},"f":{"0":14}}
,"C:\\teach\\Hexlet\\Projects\\frontend-project-46\\src\\index.js": {"path":"C:\\teach\\Hexlet\\Projects\\frontend-project-46\\src\\index.js","all":false,"statementMap":{"0":{"start":{"line":1,"column":0},"end":{"line":1,"column":20}},"1":{"start":{"line":2,"column":0},"end":{"line":2,"column":24}},"2":{"start":{"line":3,"column":0},"end":{"line":3,"column":33}},"3":{"start":{"line":4,"column":0},"end":{"line":4,"column":43}},"4":{"start":{"line":5,"column":0},"end":{"line":5,"column":43}},"5":{"start":{"line":6,"column":0},"end":{"line":6,"column":0}},"6":{"start":{"line":7,"column":0},"end":{"line":7,"column":75}},"7":{"start":{"line":8,"column":0},"end":{"line":8,"column":82}},"8":{"start":{"line":9,"column":0},"end":{"line":9,"column":55}},"9":{"start":{"line":10,"column":0},"end":{"line":10,"column":0}},"10":{"start":{"line":11,"column":0},"end":{"line":11,"column":67}},"11":{"start":{"line":12,"column":0},"end":{"line":12,"column":67}},"12":{"start":{"line":13,"column":0},"end":{"line":13,"column":67}},"13":{"start":{"line":14,"column":0},"end":{"line":14,"column":45}},"14":{"start":{"line":15,"column":0},"end":{"line":15,"column":0}},"15":{"start":{"line":16,"column":0},"end":{"line":16,"column":34}},"16":{"start":{"line":17,"column":0},"end":{"line":17,"column":2}},"17":{"start":{"line":18,"column":0},"end":{"line":18,"column":0}},"18":{"start":{"line":19,"column":0},"end":{"line":19,"column":23}}},"s":{"0":1,"1":1,"2":1,"3":1,"4":1,"5":1,"6":1,"7":1,"8":1,"9":1,"10":1,"11":2,"12":2,"13":2,"14":2,"15":2,"16":2,"17":1,"18":1},"branchMap":{"0":{"type":"branch","line":7,"loc":{"start":{"line":7,"column":24},"end":{"line":7,"column":74}},"locations":[{"start":{"line":7,"column":24},"end":{"line":7,"column":74}}]},"1":{"type":"branch","line":8,"loc":{"start":{"line":8,"column":18},"end":{"line":8,"column":81}},"locations":[{"start":{"line":8,"column":18},"end":{"line":8,"column":81}}]},"2":{"type":"branch","line":9,"loc":{"start":{"line":9,"column":19},"end":{"line":9,"column":54}},"locations":[{"start":{"line":9,"column":19},"end":{"line":9,"column":54}}]},"3":{"type":"branch","line":11,"loc":{"start":{"line":11,"column":16},"end":{"line":17,"column":2}},"locations":[{"start":{"line":11,"column":16},"end":{"line":17,"column":2}}]}},"b":{"0":[4],"1":[4],"2":[4],"3":[2]},"fnMap":{"0":{"name":"getAbsolutPath","decl":{"start":{"line":7,"column":24},"end":{"line":7,"column":74}},"loc":{"start":{"line":7,"column":24},"end":{"line":7,"column":74}},"line":7},"1":{"name":"readFile","decl":{"start":{"line":8,"column":18},"end":{"line":8,"column":81}},"loc":{"start":{"line":8,"column":18},"end":{"line":8,"column":81}},"line":8},"2":{"name":"getFormat","decl":{"start":{"line":9,"column":19},"end":{"line":9,"column":54}},"loc":{"start":{"line":9,"column":19},"end":{"line":9,"column":54}},"line":9},"3":{"name":"genDiff","decl":{"start":{"line":11,"column":16},"end":{"line":17,"column":2}},"loc":{"start":{"line":11,"column":16},"end":{"line":17,"column":2}},"line":11}},"f":{"0":4,"1":4,"2":4,"3":2}}
,"C:\\teach\\Hexlet\\Projects\\frontend-project-46\\src\\parsers.js": {"path":"C:\\teach\\Hexlet\\Projects\\frontend-project-46\\src\\parsers.js","all":false,"statementMap":{"0":{"start":{"line":1,"column":0},"end":{"line":1,"column":27}},"1":{"start":{"line":2,"column":0},"end":{"line":2,"column":0}},"2":{"start":{"line":3,"column":0},"end":{"line":3,"column":33}},"3":{"start":{"line":4,"column":0},"end":{"line":4,"column":19}},"4":{"start":{"line":5,"column":0},"end":{"line":5,"column":16}},"5":{"start":{"line":6,"column":0},"end":{"line":6,"column":30}},"6":{"start":{"line":7,"column":0},"end":{"line":7,"column":15}},"7":{"start":{"line":8,"column":0},"end":{"line":8,"column":16}},"8":{"start":{"line":9,"column":0},"end":{"line":9,"column":29}},"9":{"start":{"line":10,"column":0},"end":{"line":10,"column":12}},"10":{"start":{"line":11,"column":0},"end":{"line":11,"column":52}},"11":{"start":{"line":12,"column":0},"end":{"line":12,"column":3}},"12":{"start":{"line":13,"column":0},"end":{"line":13,"column":2}},"13":{"start":{"line":14,"column":0},"end":{"line":14,"column":0}},"14":{"start":{"line":15,"column":0},"end":{"line":15,"column":21}}},"s":{"0":1,"1":1,"2":1,"3":4,"4":4,"5":2,"6":4,"7":4,"8":2,"9":4,"10":0,"11":4,"12":4,"13":1,"14":1},"branchMap":{"0":{"type":"branch","line":3,"loc":{"start":{"line":3,"column":14},"end":{"line":13,"column":2}},"locations":[{"start":{"line":3,"column":14},"end":{"line":13,"column":2}}]},"1":{"type":"branch","line":5,"loc":{"start":{"line":5,"column":4},"end":{"line":6,"column":30}},"locations":[{"start":{"line":5,"column":4},"end":{"line":6,"column":30}}]},"2":{"type":"branch","line":7,"loc":{"start":{"line":7,"column":4},"end":{"line":7,"column":15}},"locations":[{"start":{"line":7,"column":4},"end":{"line":7,"column":15}}]},"3":{"type":"branch","line":8,"loc":{"start":{"line":8,"column":4},"end":{"line":9,"column":29}},"locations":[{"start":{"line":8,"column":4},"end":{"line":9,"column":29}}]},"4":{"type":"branch","line":10,"loc":{"start":{"line":10,"column":4},"end":{"line":11,"column":52}},"locations":[{"start":{"line":10,"column":4},"end":{"line":11,"column":52}}]}},"b":{"0":[4],"1":[2],"2":[2],"3":[2],"4":[0]},"fnMap":{"0":{"name":"parse","decl":{"start":{"line":3,"column":14},"end":{"line":13,"column":2}},"loc":{"start":{"line":3,"column":14},"end":{"line":13,"column":2}},"line":3}},"f":{"0":4}}
,"C:\\teach\\Hexlet\\Projects\\frontend-project-46\\src\\formatters\\index.js": {"path":"C:\\teach\\Hexlet\\Projects\\frontend-project-46\\src\\formatters\\index.js","all":false,"statementMap":{"0":{"start":{"line":1,"column":0},"end":{"line":1,"column":35}},"1":{"start":{"line":2,"column":0},"end":{"line":2,"column":31}},"2":{"start":{"line":3,"column":0},"end":{"line":3,"column":29}},"3":{"start":{"line":4,"column":0},"end":{"line":4,"column":0}},"4":{"start":{"line":5,"column":0},"end":{"line":5,"column":38}},"5":{"start":{"line":6,"column":0},"end":{"line":6,"column":23}},"6":{"start":{"line":7,"column":0},"end":{"line":7,"column":21}},"7":{"start":{"line":8,"column":0},"end":{"line":8,"column":27}},"8":{"start":{"line":9,"column":0},"end":{"line":9,"column":5}},"9":{"start":{"line":10,"column":0},"end":{"line":10,"column":19}},"10":{"start":{"line":11,"column":0},"end":{"line":11,"column":25}},"11":{"start":{"line":12,"column":0},"end":{"line":12,"column":5}},"12":{"start":{"line":13,"column":0},"end":{"line":13,"column":18}},"13":{"start":{"line":14,"column":0},"end":{"line":14,"column":24}},"14":{"start":{"line":15,"column":0},"end":{"line":15,"column":5}},"15":{"start":{"line":16,"column":0},"end":{"line":16,"column":12}},"16":{"start":{"line":17,"column":0},"end":{"line":17,"column":40}},"17":{"start":{"line":18,"column":0},"end":{"line":18,"column":3}},"18":{"start":{"line":19,"column":0},"end":{"line":19,"column":2}},"19":{"start":{"line":20,"column":0},"end":{"line":20,"column":0}},"20":{"start":{"line":21,"column":0},"end":{"line":21,"column":22}}},"s":{"0":1,"1":1,"2":1,"3":1,"4":1,"5":2,"6":2,"7":2,"8":2,"9":2,"10":0,"11":0,"12":2,"13":0,"14":0,"15":2,"16":0,"17":2,"18":2,"19":1,"20":1},"branchMap":{"0":{"type":"branch","line":5,"loc":{"start":{"line":5,"column":15},"end":{"line":19,"column":2}},"locations":[{"start":{"line":5,"column":15},"end":{"line":19,"column":2}}]},"1":{"type":"branch","line":10,"loc":{"start":{"line":10,"column":4},"end":{"line":12,"column":5}},"locations":[{"start":{"line":10,"column":4},"end":{"line":12,"column":5}}]},"2":{"type":"branch","line":13,"loc":{"start":{"line":13,"column":4},"end":{"line":15,"column":5}},"locations":[{"start":{"line":13,"column":4},"end":{"line":15,"column":5}}]},"3":{"type":"branch","line":16,"loc":{"start":{"line":16,"column":4},"end":{"line":17,"column":40}},"locations":[{"start":{"line":16,"column":4},"end":{"line":17,"column":40}}]}},"b":{"0":[2],"1":[0],"2":[0],"3":[0]},"fnMap":{"0":{"name":"format","decl":{"start":{"line":5,"column":15},"end":{"line":19,"column":2}},"loc":{"start":{"line":5,"column":15},"end":{"line":19,"column":2}},"line":5}},"f":{"0":2}}
,"C:\\teach\\Hexlet\\Projects\\frontend-project-46\\src\\formatters\\json.js": {"path":"C:\\teach\\Hexlet\\Projects\\frontend-project-46\\src\\formatters\\json.js","all":false,"statementMap":{"0":{"start":{"line":1,"column":0},"end":{"line":1,"column":46}}},"s":{"0":1},"branchMap":{},"b":{},"fnMap":{"0":{"name":"default","decl":{"start":{"line":1,"column":16},"end":{"line":1,"column":45}},"loc":{"start":{"line":1,"column":16},"end":{"line":1,"column":45}},"line":1}},"f":{"0":0}}
,"C:\\teach\\Hexlet\\Projects\\frontend-project-46\\src\\formatters\\plain.js": {"path":"C:\\teach\\Hexlet\\Projects\\frontend-project-46\\src\\formatters\\plain.js","all":false,"statementMap":{"0":{"start":{"line":1,"column":0},"end":{"line":1,"column":23}},"1":{"start":{"line":2,"column":0},"end":{"line":2,"column":0}},"2":{"start":{"line":3,"column":0},"end":{"line":3,"column":30}},"3":{"start":{"line":4,"column":0},"end":{"line":4,"column":26}},"4":{"start":{"line":5,"column":0},"end":{"line":5,"column":29}},"5":{"start":{"line":6,"column":0},"end":{"line":6,"column":3}},"6":{"start":{"line":7,"column":0},"end":{"line":7,"column":58}},"7":{"start":{"line":8,"column":0},"end":{"line":8,"column":2}},"8":{"start":{"line":9,"column":0},"end":{"line":9,"column":0}},"9":{"start":{"line":10,"column":0},"end":{"line":10,"column":48}},"10":{"start":{"line":11,"column":0},"end":{"line":11,"column":23}},"11":{"start":{"line":12,"column":0},"end":{"line":12,"column":17}},"12":{"start":{"line":13,"column":0},"end":{"line":13,"column":96}},"13":{"start":{"line":14,"column":0},"end":{"line":14,"column":19}},"14":{"start":{"line":15,"column":0},"end":{"line":15,"column":60}},"15":{"start":{"line":16,"column":0},"end":{"line":16,"column":21}},"16":{"start":{"line":17,"column":0},"end":{"line":17,"column":18}},"17":{"start":{"line":18,"column":0},"end":{"line":18,"column":19}},"18":{"start":{"line":19,"column":0},"end":{"line":19,"column":132}},"19":{"start":{"line":20,"column":0},"end":{"line":20,"column":18}},"20":{"start":{"line":21,"column":0},"end":{"line":21,"column":87}},"21":{"start":{"line":22,"column":0},"end":{"line":22,"column":52}},"22":{"start":{"line":23,"column":0},"end":{"line":23,"column":12}},"23":{"start":{"line":24,"column":0},"end":{"line":24,"column":53}},"24":{"start":{"line":25,"column":0},"end":{"line":25,"column":3}},"25":{"start":{"line":26,"column":0},"end":{"line":26,"column":2}},"26":{"start":{"line":27,"column":0},"end":{"line":27,"column":0}},"27":{"start":{"line":28,"column":0},"end":{"line":28,"column":90}}},"s":{"0":1,"1":1,"2":1,"3":0,"4":0,"5":0,"6":0,"7":0,"8":1,"9":1,"10":0,"11":0,"12":0,"13":0,"14":0,"15":0,"16":0,"17":0,"18":0,"19":0,"20":0,"21":0,"22":0,"23":0,"24":0,"25":0,"26":1,"27":1},"branchMap":{},"b":{},"fnMap":{"0":{"name":"stringify","decl":{"start":{"line":3,"column":19},"end":{"line":8,"column":2}},"loc":{"start":{"line":3,"column":19},"end":{"line":8,"column":2}},"line":3},"1":{"name":"getPlainFormat","decl":{"start":{"line":10,"column":23},"end":{"line":26,"column":2}},"loc":{"start":{"line":10,"column":23},"end":{"line":26,"column":2}},"line":10},"2":{"name":"default","decl":{"start":{"line":28,"column":16},"end":{"line":28,"column":89}},"loc":{"start":{"line":28,"column":16},"end":{"line":28,"column":89}},"line":28}},"f":{"0":0,"1":0,"2":0}}
,"C:\\teach\\Hexlet\\Projects\\frontend-project-46\\src\\formatters\\stylish.js": {"path":"C:\\teach\\Hexlet\\Projects\\frontend-project-46\\src\\formatters\\stylish.js","all":false,"statementMap":{"0":{"start":{"line":1,"column":0},"end":{"line":1,"column":23}},"1":{"start":{"line":2,"column":0},"end":{"line":2,"column":0}},"2":{"start":{"line":3,"column":0},"end":{"line":3,"column":17}},"3":{"start":{"line":4,"column":0},"end":{"line":4,"column":13}},"4":{"start":{"line":5,"column":0},"end":{"line":5,"column":15}},"5":{"start":{"line":6,"column":0},"end":{"line":6,"column":17}},"6":{"start":{"line":7,"column":0},"end":{"line":7,"column":14}},"7":{"start":{"line":8,"column":0},"end":{"line":8,"column":2}},"8":{"start":{"line":9,"column":0},"end":{"line":9,"column":0}},"9":{"start":{"line":10,"column":0},"end":{"line":10,"column":31}},"10":{"start":{"line":11,"column":0},"end":{"line":11,"column":18}},"11":{"start":{"line":12,"column":0},"end":{"line":12,"column":35}},"12":{"start":{"line":13,"column":0},"end":{"line":13,"column":2}},"13":{"start":{"line":14,"column":0},"end":{"line":14,"column":0}},"14":{"start":{"line":15,"column":0},"end":{"line":15,"column":41}},"15":{"start":{"line":16,"column":0},"end":{"line":16,"column":27}},"16":{"start":{"line":17,"column":0},"end":{"line":17,"column":17}},"17":{"start":{"line":18,"column":0},"end":{"line":18,"column":3}},"18":{"start":{"line":19,"column":0},"end":{"line":19,"column":34}},"19":{"start":{"line":20,"column":0},"end":{"line":20,"column":27}},"20":{"start":{"line":21,"column":0},"end":{"line":21,"column":60}},"21":{"start":{"line":22,"column":0},"end":{"line":22,"column":17}},"22":{"start":{"line":23,"column":0},"end":{"line":23,"column":16}},"23":{"start":{"line":24,"column":0},"end":{"line":24,"column":8}},"24":{"start":{"line":25,"column":0},"end":{"line":25,"column":4}},"25":{"start":{"line":26,"column":0},"end":{"line":26,"column":61}},"26":{"start":{"line":27,"column":0},"end":{"line":27,"column":2}},"27":{"start":{"line":28,"column":0},"end":{"line":28,"column":0}},"28":{"start":{"line":29,"column":0},"end":{"line":29,"column":48}},"29":{"start":{"line":30,"column":0},"end":{"line":30,"column":23}},"30":{"start":{"line":31,"column":0},"end":{"line":31,"column":17}},"31":{"start":{"line":32,"column":0},"end":{"line":32,"column":19}},"32":{"start":{"line":33,"column":0},"end":{"line":33,"column":21}},"33":{"start":{"line":34,"column":0},"end":{"line":34,"column":59}},"34":{"start":{"line":35,"column":0},"end":{"line":35,"column":17}},"35":{"start":{"line":36,"column":0},"end":{"line":36,"column":43}},"36":{"start":{"line":37,"column":0},"end":{"line":37,"column":19}},"37":{"start":{"line":38,"column":0},"end":{"line":38,"column":55}},"38":{"start":{"line":39,"column":0},"end":{"line":39,"column":17}},"39":{"start":{"line":40,"column":0},"end":{"line":40,"column":71}},"40":{"start":{"line":41,"column":0},"end":{"line":41,"column":21}},"41":{"start":{"line":42,"column":0},"end":{"line":42,"column":61}},"42":{"start":{"line":43,"column":0},"end":{"line":43,"column":18}},"43":{"start":{"line":44,"column":0},"end":{"line":44,"column":69}},"44":{"start":{"line":45,"column":0},"end":{"line":45,"column":55}},"45":{"start":{"line":46,"column":0},"end":{"line":46,"column":47}},"46":{"start":{"line":47,"column":0},"end":{"line":47,"column":12}},"47":{"start":{"line":48,"column":0},"end":{"line":48,"column":53}},"48":{"start":{"line":49,"column":0},"end":{"line":49,"column":3}},"49":{"start":{"line":50,"column":0},"end":{"line":50,"column":2}},"50":{"start":{"line":51,"column":0},"end":{"line":51,"column":0}},"51":{"start":{"line":52,"column":0},"end":{"line":52,"column":95}}},"s":{"0":1,"1":1,"2":1,"3":1,"4":1,"5":1,"6":1,"7":1,"8":1,"9":1,"10":124,"11":124,"12":124,"13":1,"14":1,"15":84,"16":68,"17":68,"18":16,"19":16,"20":16,"21":20,"22":20,"23":20,"24":16,"25":16,"26":16,"27":1,"28":1,"29":58,"30":58,"31":58,"32":58,"33":28,"34":28,"35":28,"36":58,"37":18,"38":18,"39":18,"40":18,"41":18,"42":58,"43":12,"44":12,"45":12,"46":58,"47":0,"48":58,"49":58,"50":1,"51":1},"branchMap":{"0":{"type":"branch","line":10,"loc":{"start":{"line":10,"column":20},"end":{"line":13,"column":2}},"locations":[{"start":{"line":10,"column":20},"end":{"line":13,"column":2}}]},"1":{"type":"branch","line":15,"loc":{"start":{"line":15,"column":18},"end":{"line":27,"column":2}},"locations":[{"start":{"line":15,"column":18},"end":{"line":27,"column":2}}]},"2":{"type":"branch","line":16,"loc":{"start":{"line":16,"column":26},"end":{"line":18,"column":3}},"locations":[{"start":{"line":16,"column":26},"end":{"line":18,"column":3}}]},"3":{"type":"branch","line":18,"loc":{"start":{"line":18,"column":2},"end":{"line":27,"column":2}},"locations":[{"start":{"line":18,"column":2},"end":{"line":27,"column":2}}]},"4":{"type":"branch","line":21,"loc":{"start":{"line":21,"column":5},"end":{"line":24,"column":8}},"locations":[{"start":{"line":21,"column":5},"end":{"line":24,"column":8}}]},"5":{"type":"branch","line":29,"loc":{"start":{"line":29,"column":25},"end":{"line":50,"column":2}},"locations":[{"start":{"line":29,"column":25},"end":{"line":50,"column":2}}]},"6":{"type":"branch","line":31,"loc":{"start":{"line":31,"column":4},"end":{"line":31,"column":17}},"locations":[{"start":{"line":31,"column":4},"end":{"line":31,"column":17}}]},"7":{"type":"branch","line":32,"loc":{"start":{"line":32,"column":4},"end":{"line":32,"column":19}},"locations":[{"start":{"line":32,"column":4},"end":{"line":32,"column":19}}]},"8":{"type":"branch","line":33,"loc":{"start":{"line":33,"column":4},"end":{"line":36,"column":43}},"locations":[{"start":{"line":33,"column":4},"end":{"line":36,"column":43}}]},"9":{"type":"branch","line":37,"loc":{"start":{"line":37,"column":4},"end":{"line":42,"column":61}},"locations":[{"start":{"line":37,"column":4},"end":{"line":42,"column":61}}]},"10":{"type":"branch","line":43,"loc":{"start":{"line":43,"column":4},"end":{"line":46,"column":47}},"locations":[{"start":{"line":43,"column":4},"end":{"line":46,"column":47}}]},"11":{"type":"branch","line":47,"loc":{"start":{"line":47,"column":4},"end":{"line":48,"column":53}},"locations":[{"start":{"line":47,"column":4},"end":{"line":48,"column":53}}]},"12":{"type":"branch","line":45,"loc":{"start":{"line":45,"column":14},"end":{"line":45,"column":54}},"locations":[{"start":{"line":45,"column":14},"end":{"line":45,"column":54}}]},"13":{"type":"branch","line":52,"loc":{"start":{"line":52,"column":16},"end":{"line":52,"column":94}},"locations":[{"start":{"line":52,"column":16},"end":{"line":52,"column":94}}]},"14":{"type":"branch","line":52,"loc":{"start":{"line":52,"column":41},"end":{"line":52,"column":77}},"locations":[{"start":{"line":52,"column":41},"end":{"line":52,"column":77}}]}},"b":{"0":[124],"1":[84],"2":[68],"3":[16],"4":[20],"5":[58],"6":[14],"7":[20],"8":[28],"9":[18],"10":[12],"11":[0],"12":[46],"13":[2],"14":[12]},"fnMap":{"0":{"name":"makeIndent","decl":{"start":{"line":10,"column":20},"end":{"line":13,"column":2}},"loc":{"start":{"line":10,"column":20},"end":{"line":13,"column":2}},"line":10},"1":{"name":"stringify","decl":{"start":{"line":15,"column":18},"end":{"line":27,"column":2}},"loc":{"start":{"line":15,"column":18},"end":{"line":27,"column":2}},"line":15},"2":{"name":"getStylishFormat","decl":{"start":{"line":29,"column":25},"end":{"line":50,"column":2}},"loc":{"start":{"line":29,"column":25},"end":{"line":50,"column":2}},"line":29},"3":{"name":"default","decl":{"start":{"line":52,"column":16},"end":{"line":52,"column":94}},"loc":{"start":{"line":52,"column":16},"end":{"line":52,"column":94}},"line":52}},"f":{"0":124,"1":84,"2":58,"3":2}}
}
