TN:
SF:src\compareData.js
FN:3,compareData
FNF:1
FNH:1
FNDA:14,compareData
DA:1,1
DA:2,1
DA:3,1
DA:4,14
DA:5,14
DA:6,14
DA:7,14
DA:8,14
DA:9,58
DA:10,14
DA:11,14
DA:12,14
DA:13,14
DA:14,14
DA:15,14
DA:16,58
DA:17,6
DA:18,6
DA:19,6
DA:20,6
DA:21,6
DA:22,6
DA:23,58
DA:24,12
DA:25,12
DA:26,12
DA:27,12
DA:28,12
DA:29,12
DA:30,58
DA:31,18
DA:32,18
DA:33,18
DA:34,18
DA:35,18
DA:36,18
DA:37,18
DA:38,8
DA:39,8
DA:40,8
DA:41,8
DA:42,8
DA:43,14
DA:44,14
DA:45,14
DA:46,1
DA:47,1
LF:47
LH:47
BRDA:3,0,0,14
BRDA:8,1,0,58
BRDA:9,2,0,14
BRDA:15,3,0,44
BRDA:16,4,0,6
BRDA:22,5,0,38
BRDA:23,6,0,14
BRDA:23,7,0,12
BRDA:29,8,0,26
BRDA:30,9,0,18
BRDA:37,10,0,8
BRF:11
BRH:11
end_of_record
TN:
SF:src\index.js
FN:7,getAbsolutPath
FN:8,readFile
FN:9,getFormat
FN:11,genDiff
FNF:4
FNH:4
FNDA:4,getAbsolutPath
FNDA:4,readFile
FNDA:4,getFormat
FNDA:2,genDiff
DA:1,1
DA:2,1
DA:3,1
DA:4,1
DA:5,1
DA:6,1
DA:7,1
DA:8,1
DA:9,1
DA:10,1
DA:11,1
DA:12,2
DA:13,2
DA:14,2
DA:15,2
DA:16,2
DA:17,2
DA:18,1
DA:19,1
LF:19
LH:19
BRDA:7,0,0,4
BRDA:8,1,0,4
BRDA:9,2,0,4
BRDA:11,3,0,2
BRF:4
BRH:4
end_of_record
TN:
SF:src\parsers.js
FN:3,parse
FNF:1
FNH:1
FNDA:4,parse
DA:1,1
DA:2,1
DA:3,1
DA:4,4
DA:5,4
DA:6,2
DA:7,4
DA:8,4
DA:9,2
DA:10,4
DA:11,0
DA:12,4
DA:13,4
DA:14,1
DA:15,1
LF:15
LH:14
BRDA:3,0,0,4
BRDA:5,1,0,2
BRDA:7,2,0,2
BRDA:8,3,0,2
BRDA:10,4,0,0
BRF:5
BRH:4
end_of_record
TN:
SF:src\formatters\index.js
FN:5,format
FNF:1
FNH:1
FNDA:2,format
DA:1,1
DA:2,1
DA:3,1
DA:4,1
DA:5,1
DA:6,2
DA:7,2
DA:8,2
DA:9,2
DA:10,2
DA:11,0
DA:12,0
DA:13,2
DA:14,0
DA:15,0
DA:16,2
DA:17,0
DA:18,2
DA:19,2
DA:20,1
DA:21,1
LF:21
LH:16
BRDA:5,0,0,2
BRDA:10,1,0,0
BRDA:13,2,0,0
BRDA:16,3,0,0
BRF:4
BRH:1
end_of_record
TN:
SF:src\formatters\json.js
FN:1,default
FNF:1
FNH:0
FNDA:0,default
DA:1,1
LF:1
LH:1
BRF:0
BRH:0
end_of_record
TN:
SF:src\formatters\plain.js
FN:3,stringify
FN:10,getPlainFormat
FN:28,default
FNF:3
FNH:0
FNDA:0,stringify
FNDA:0,getPlainFormat
FNDA:0,default
DA:1,1
DA:2,1
DA:3,1
DA:4,0
DA:5,0
DA:6,0
DA:7,0
DA:8,0
DA:9,1
DA:10,1
DA:11,0
DA:12,0
DA:13,0
DA:14,0
DA:15,0
DA:16,0
DA:17,0
DA:18,0
DA:19,0
DA:20,0
DA:21,0
DA:22,0
DA:23,0
DA:24,0
DA:25,0
DA:26,0
DA:27,1
DA:28,1
LF:28
LH:7
BRF:0
BRH:0
end_of_record
TN:
SF:src\formatters\stylish.js
FN:10,makeIndent
FN:15,stringify
FN:29,getStylishFormat
FN:52,default
FNF:4
FNH:4
FNDA:124,makeIndent
FNDA:84,stringify
FNDA:58,getStylishFormat
FNDA:2,default
DA:1,1
DA:2,1
DA:3,1
DA:4,1
DA:5,1
DA:6,1
DA:7,1
DA:8,1
DA:9,1
DA:10,1
DA:11,124
DA:12,124
DA:13,124
DA:14,1
DA:15,1
DA:16,84
DA:17,68
DA:18,68
DA:19,16
DA:20,16
DA:21,16
DA:22,20
DA:23,20
DA:24,20
DA:25,16
DA:26,16
DA:27,16
DA:28,1
DA:29,1
DA:30,58
DA:31,58
DA:32,58
DA:33,58
DA:34,28
DA:35,28
DA:36,28
DA:37,58
DA:38,18
DA:39,18
DA:40,18
DA:41,18
DA:42,18
DA:43,58
DA:44,12
DA:45,12
DA:46,12
DA:47,58
DA:48,0
DA:49,58
DA:50,58
DA:51,1
DA:52,1
LF:52
LH:51
BRDA:10,0,0,124
BRDA:15,1,0,84
BRDA:16,2,0,68
BRDA:18,3,0,16
BRDA:21,4,0,20
BRDA:29,5,0,58
BRDA:31,6,0,14
BRDA:32,7,0,20
BRDA:33,8,0,28
BRDA:37,9,0,18
BRDA:43,10,0,12
BRDA:47,11,0,0
BRDA:45,12,0,46
BRDA:52,13,0,2
BRDA:52,14,0,12
BRF:15
BRH:14
end_of_record
